[35m[Appium][39m Welcome to Appium v1.20.2
[35m[Appium][39m Non-default server args:
[35m[Appium][39m   port: 61348
[35m[Appium][39m   loglevel: info
[35m[Appium][39m   tmpDir: /var/folders/w9/_61bf0r91pg1r2z09ctvvwg00000gn/T//Katalon/Appium/Temp1618922776484
[35m[Appium][39m   chromedriverPort: 61349
[35m[Appium][39m Deprecated server args:
[35m[Appium][39m   [31m--chromedriver-port[39m => --default-capabilities
[35m[Appium][39m Default capabilities, which will be added to each request unless overridden by desired capabilities:
[35m[Appium][39m   chromedriverPort: 61349
[35m[Appium][39m Appium REST http interface listener started on 0.0.0.0:61348
[35m[HTTP][39m [37m-->[39m [37mGET[39m [37m/wd/hub/status[39m
[35m[HTTP][39m [90m{}[39m
[35m[HTTP][39m [37m<-- GET /wd/hub/status [39m[32m200[39m [90m7 ms - 68[39m
[35m[HTTP][39m [90m[39m
[35m[HTTP][39m [37m-->[39m [37mGET[39m [37m/wd/hub/status[39m
[35m[HTTP][39m [90m{}[39m
[35m[HTTP][39m [37m<-- GET /wd/hub/status [39m[32m200[39m [90m1 ms - 68[39m
[35m[HTTP][39m [90m[39m
[35m[HTTP][39m [37m-->[39m [37mPOST[39m [37m/wd/hub/session[39m
[35m[HTTP][39m [90m{"desiredCapabilities":{"app":"/Users/daunjoung/Documents/GitRepository/KatalonTest/AndroidAPK/testapplication.apk","noReset":true,"deviceName":"emulator-5554 (sdk_gphone_x86_arm - Android 11)","fullReset":false,"platform":"ANDROID","newCommandTimeout":1800,"platformVersion":"11","automationName":"uiautomator2","autoGrantPermissions":true,"platformName":"Android","udid":"emulator-5554","systemPort":61361},"capabilities":{"firstMatch":[{"appium:app":"/Users/daunjoung/Documents/GitRepository/KatalonTest/AndroidAPK/testapplication.apk","appium:autoGrantPermissions":true,"appium:automationName":"uiautomator2","appium:deviceName":"emulator-5554 (sdk_gphone_x86_arm - Android 11)","appium:fullReset":false,"appium:newCommandTimeout":1800,"appium:noReset":true,"platform":"ANDROID","platformName":"android","appium:platformVersion":"11","appium:systemPort":61361,"appium:udid":"emulator-5554"}]}}[39m
[35m[BaseDriver][39m The following capabilities are not standard capabilities and should have an extension prefix:
[35m[BaseDriver][39m   platform
[35m[BaseDriver][39m   chromedriverPort
[35m[Appium][39m Appium v1.20.2 creating new AndroidUiautomator2Driver (v1.61.2) session
[35m[BaseDriver][39m The following capabilities were provided, but are not recognized by Appium:
[35m[BaseDriver][39m   platform
[35m[BaseDriver][39m Session created with session id: dceada60-3e66-4eb8-a1bd-6e5a351d6a7c
[35m[BaseDriver][39m Using local app '/Users/daunjoung/Documents/GitRepository/KatalonTest/AndroidAPK/testapplication.apk'
[35m[ADB][39m Found 1 'build-tools' folders under '/Users/daunjoung/.katalon/tools/android_sdk' (newest first):
[35m[ADB][39m     /Users/daunjoung/.katalon/tools/android_sdk/build-tools/29.0.3
[35m[ADB][39m Using 'adb' from '/Users/daunjoung/.katalon/tools/android_sdk/platform-tools/adb'
[35m[AndroidDriver][39m Retrieving device list
[35m[AndroidDriver][39m Using device: emulator-5554
[35m[ADB][39m Using 'adb' from '/Users/daunjoung/.katalon/tools/android_sdk/platform-tools/adb'
[35m[ADB][39m Getting device platform version
[35m[UiAutomator2][39m Relaxing hidden api policy
[35m[ADB][39m Package name: 'com.example.katalonstudiotestandroidapplication'
[35m[ADB][39m Main activity name: 'com.example.katalonstudiotestandroidapplication.MainActivity'
[35m[ADB][39m Using 'apksigner.jar' from '/Users/daunjoung/.katalon/tools/android_sdk/build-tools/29.0.3/lib/apksigner.jar'
[35m[ADB][39m '/usr/local/lib/node_modules/appium/node_modules/appium-uiautomator2-server/apks/appium-uiautomator2-server-v4.17.4.apk' is signed with the default certificate
[35m[ADB][39m '/usr/local/lib/node_modules/appium/node_modules/appium-uiautomator2-server/apks/appium-uiautomator2-server-debug-androidTest.apk' is signed with the default certificate
[35m[UiAutomator2][39m Server packages are not going to be (re)installed
[35m[ADB][39m Adding packages ["io.appium.settings","io.appium.uiautomator2.server","io.appium.uiautomator2.server.test"] to Doze whitelist
[35m[ADB][39m '/Users/daunjoung/Documents/GitRepository/KatalonTest/AndroidAPK/testapplication.apk' is signed with the default certificate
[35m[UiAutomator2][39m Starting UIAutomator2 server 4.17.4
[35m[UiAutomator2][39m Using UIAutomator2 server from '/usr/local/lib/node_modules/appium/node_modules/appium-uiautomator2-server/apks/appium-uiautomator2-server-v4.17.4.apk' and test from '/usr/local/lib/node_modules/appium/node_modules/appium-uiautomator2-server/apks/appium-uiautomator2-server-debug-androidTest.apk'
[35m[UiAutomator2][39m Waiting up to 30000ms for UiAutomator2 to be online...
[35m[WD Proxy][39m socket hang up
[35m[WD Proxy][39m socket hang up
[35m[WD Proxy][39m socket hang up
[35m[WD Proxy][39m Determined the downstream protocol as 'W3C'
[35m[AndroidDriver][39m Screen already unlocked, doing nothing
[35m[UiAutomator2][39m Starting 'com.example.katalonstudiotestandroidapplication/com.example.katalonstudiotestandroidapplication.MainActivity and waiting for 'com.example.katalonstudiotestandroidapplication/com.example.katalonstudiotestandroidapplication.MainActivity'
[35m[Appium][39m New AndroidUiautomator2Driver session created successfully, session dceada60-3e66-4eb8-a1bd-6e5a351d6a7c added to master session list
[35m[HTTP][39m [37m<-- POST /wd/hub/session [39m[32m200[39m [90m8977 ms - 1383[39m
[35m[HTTP][39m [90m[39m
[35m[HTTP][39m [37m-->[39m [37mGET[39m [37m/wd/hub/session/dceada60-3e66-4eb8-a1bd-6e5a351d6a7c[39m
[35m[HTTP][39m [90m{}[39m
[35m[HTTP][39m [37m<-- GET /wd/hub/session/dceada60-3e66-4eb8-a1bd-6e5a351d6a7c [39m[32m200[39m [90m20 ms - 1337[39m
[35m[HTTP][39m [90m[39m
[35m[HTTP][39m [37m-->[39m [37mGET[39m [37m/wd/hub/session/dceada60-3e66-4eb8-a1bd-6e5a351d6a7c[39m
[35m[HTTP][39m [90m{}[39m
[35m[HTTP][39m [37m<-- GET /wd/hub/session/dceada60-3e66-4eb8-a1bd-6e5a351d6a7c [39m[32m200[39m [90m43 ms - 1337[39m
[35m[HTTP][39m [90m[39m
[35m[HTTP][39m [37m-->[39m [37mGET[39m [37m/wd/hub/status[39m
[35m[HTTP][39m [90m{}[39m
[35m[HTTP][39m [37m<-- GET /wd/hub/status [39m[32m200[39m [90m1 ms - 68[39m
[35m[HTTP][39m [90m[39m
[35m[HTTP][39m [37m-->[39m [37mPOST[39m [37m/wd/hub/session/dceada60-3e66-4eb8-a1bd-6e5a351d6a7c/timeouts[39m
[35m[HTTP][39m [90m{"implicit":60000}[39m
[35m[HTTP][39m [37m<-- POST /wd/hub/session/dceada60-3e66-4eb8-a1bd-6e5a351d6a7c/timeouts [39m[32m200[39m [90m3 ms - 14[39m
[35m[HTTP][39m [90m[39m
[35m[HTTP][39m [37m-->[39m [37mGET[39m [37m/wd/hub/session/dceada60-3e66-4eb8-a1bd-6e5a351d6a7c/source[39m
[35m[HTTP][39m [90m{}[39m
[35m[W3C (dceada60)][39m Driver proxy active, passing request on via HTTP proxy
[35m[WD Proxy][39m Replacing sessionId 6bc5c7f0-7869-4b48-bb69-de71d4525b30 with dceada60-3e66-4eb8-a1bd-6e5a351d6a7c
[35m[HTTP][39m [37m<-- GET /wd/hub/session/dceada60-3e66-4eb8-a1bd-6e5a351d6a7c/source [39m[32m200[39m [90m251 ms - 5963[39m
[35m[HTTP][39m [90m[39m
[35m[HTTP][39m [37m-->[39m [37mGET[39m [37m/wd/hub/session/dceada60-3e66-4eb8-a1bd-6e5a351d6a7c/screenshot[39m
[35m[HTTP][39m [90m{}[39m
[35m[HTTP][39m [37m<-- GET /wd/hub/session/dceada60-3e66-4eb8-a1bd-6e5a351d6a7c/screenshot [39m[32m200[39m [90m392 ms - 74742[39m
[35m[HTTP][39m [90m[39m
[35m[HTTP][39m [37m-->[39m [37mPOST[39m [37m/wd/hub/session/dceada60-3e66-4eb8-a1bd-6e5a351d6a7c/elements[39m
[35m[HTTP][39m [90m{"using":"xpath","value":"//*[@class = 'android.widget.TextView' and (@text = 'Hello World!' or . = 'Hello World!') and @resource-id = 'com.example.katalonstudiotestandroidapplication:id/helloWorldTV']"}[39m
[35m[HTTP][39m [37m<-- POST /wd/hub/session/dceada60-3e66-4eb8-a1bd-6e5a351d6a7c/elements [39m[32m200[39m [90m181 ms - 139[39m
[35m[HTTP][39m [90m[39m
[35m[HTTP][39m [37m-->[39m [37mGET[39m [37m/wd/hub/session/dceada60-3e66-4eb8-a1bd-6e5a351d6a7c/window/rect[39m
[35m[HTTP][39m [90m{}[39m
[35m[HTTP][39m [37m<-- GET /wd/hub/session/dceada60-3e66-4eb8-a1bd-6e5a351d6a7c/window/rect [39m[32m200[39m [90m19 ms - 50[39m
[35m[HTTP][39m [90m[39m
[35m[HTTP][39m [37m-->[39m [37mPOST[39m [37m/wd/hub/session/dceada60-3e66-4eb8-a1bd-6e5a351d6a7c/elements[39m
[35m[HTTP][39m [90m{"using":"xpath","value":"//*[@class = 'android.widget.TextView' and (@text = 'Hello World!' or . = 'Hello World!') and @resource-id = 'com.example.katalonstudiotestandroidapplication:id/helloWorldTV']"}[39m
[35m[HTTP][39m [37m<-- POST /wd/hub/session/dceada60-3e66-4eb8-a1bd-6e5a351d6a7c/elements [39m[32m200[39m [90m29 ms - 139[39m
[35m[HTTP][39m [90m[39m
[35m[HTTP][39m [37m-->[39m [37mGET[39m [37m/wd/hub/session/dceada60-3e66-4eb8-a1bd-6e5a351d6a7c/element/4c29922a-ab9f-4478-820e-4434f8ff1013/location[39m
[35m[HTTP][39m [90m{}[39m
[35m[W3C (dceada60)][39m Driver proxy active, passing request on via HTTP proxy
[35m[WD Proxy][39m Replacing sessionId 6bc5c7f0-7869-4b48-bb69-de71d4525b30 with dceada60-3e66-4eb8-a1bd-6e5a351d6a7c
[35m[HTTP][39m [37m<-- GET /wd/hub/session/dceada60-3e66-4eb8-a1bd-6e5a351d6a7c/element/4c29922a-ab9f-4478-820e-4434f8ff1013/location [39m[32m200[39m [90m23 ms - 78[39m
[35m[HTTP][39m [90m[39m
[35m[HTTP][39m [37m-->[39m [37mGET[39m [37m/wd/hub/session/dceada60-3e66-4eb8-a1bd-6e5a351d6a7c/element/4c29922a-ab9f-4478-820e-4434f8ff1013/text[39m
[35m[HTTP][39m [90m{}[39m
[35m[W3C (dceada60)][39m Driver proxy active, passing request on via HTTP proxy
[35m[WD Proxy][39m Replacing sessionId 6bc5c7f0-7869-4b48-bb69-de71d4525b30 with dceada60-3e66-4eb8-a1bd-6e5a351d6a7c
[35m[HTTP][39m [37m<-- GET /wd/hub/session/dceada60-3e66-4eb8-a1bd-6e5a351d6a7c/element/4c29922a-ab9f-4478-820e-4434f8ff1013/text [39m[32m200[39m [90m19 ms - 75[39m
[35m[HTTP][39m [90m[39m
[35m[HTTP][39m [37m-->[39m [37mGET[39m [37m/wd/hub/session/dceada60-3e66-4eb8-a1bd-6e5a351d6a7c/source[39m
[35m[HTTP][39m [90m{}[39m
[35m[W3C (dceada60)][39m Driver proxy active, passing request on via HTTP proxy
[35m[WD Proxy][39m Replacing sessionId 6bc5c7f0-7869-4b48-bb69-de71d4525b30 with dceada60-3e66-4eb8-a1bd-6e5a351d6a7c
[35m[HTTP][39m [37m<-- GET /wd/hub/session/dceada60-3e66-4eb8-a1bd-6e5a351d6a7c/source [39m[32m200[39m [90m46 ms - 5963[39m
[35m[HTTP][39m [90m[39m
[35m[HTTP][39m [37m-->[39m [37mGET[39m [37m/wd/hub/session/dceada60-3e66-4eb8-a1bd-6e5a351d6a7c/screenshot[39m
[35m[HTTP][39m [90m{}[39m
[35m[HTTP][39m [37m<-- GET /wd/hub/session/dceada60-3e66-4eb8-a1bd-6e5a351d6a7c/screenshot [39m[32m200[39m [90m336 ms - 74742[39m
[35m[HTTP][39m [90m[39m
[35m[HTTP][39m [37m-->[39m [37mPOST[39m [37m/wd/hub/session/dceada60-3e66-4eb8-a1bd-6e5a351d6a7c/timeouts[39m
[35m[HTTP][39m [90m{"implicit":1000}[39m
[35m[HTTP][39m [37m<-- POST /wd/hub/session/dceada60-3e66-4eb8-a1bd-6e5a351d6a7c/timeouts [39m[32m200[39m [90m2 ms - 14[39m
[35m[HTTP][39m [90m[39m
[35m[HTTP][39m [37m-->[39m [37mPOST[39m [37m/wd/hub/session/dceada60-3e66-4eb8-a1bd-6e5a351d6a7c/elements[39m
[35m[HTTP][39m [90m{"using":"xpath","value":"//*[@class = 'android.widget.TextView' and (@text = 'Hello World!' or . = 'Hello World!') and @resource-id = 'com.example.katalonstudiotestandroidapplication:id/helloWorldTV']"}[39m
[35m[HTTP][39m [37m<-- POST /wd/hub/session/dceada60-3e66-4eb8-a1bd-6e5a351d6a7c/elements [39m[32m200[39m [90m40 ms - 139[39m
[35m[HTTP][39m [90m[39m
[35m[HTTP][39m [37m-->[39m [37mGET[39m [37m/wd/hub/session/dceada60-3e66-4eb8-a1bd-6e5a351d6a7c/element/2949da01-f963-4f09-a447-4a1d9f5bcf93/location[39m
[35m[HTTP][39m [90m{}[39m
[35m[W3C (dceada60)][39m Driver proxy active, passing request on via HTTP proxy
[35m[WD Proxy][39m Replacing sessionId 6bc5c7f0-7869-4b48-bb69-de71d4525b30 with dceada60-3e66-4eb8-a1bd-6e5a351d6a7c
[35m[HTTP][39m [37m<-- GET /wd/hub/session/dceada60-3e66-4eb8-a1bd-6e5a351d6a7c/element/2949da01-f963-4f09-a447-4a1d9f5bcf93/location [39m[32m200[39m [90m15 ms - 78[39m
[35m[HTTP][39m [90m[39m
[35m[HTTP][39m [37m-->[39m [37mGET[39m [37m/wd/hub/session/dceada60-3e66-4eb8-a1bd-6e5a351d6a7c/element/2949da01-f963-4f09-a447-4a1d9f5bcf93/size[39m
[35m[HTTP][39m [90m{}[39m
[35m[W3C (dceada60)][39m Driver proxy active, passing request on via HTTP proxy
[35m[WD Proxy][39m Replacing sessionId 6bc5c7f0-7869-4b48-bb69-de71d4525b30 with dceada60-3e66-4eb8-a1bd-6e5a351d6a7c
[35m[HTTP][39m [37m<-- GET /wd/hub/session/dceada60-3e66-4eb8-a1bd-6e5a351d6a7c/element/2949da01-f963-4f09-a447-4a1d9f5bcf93/size [39m[32m200[39m [90m16 ms - 86[39m
[35m[HTTP][39m [90m[39m
[35m[HTTP][39m [37m-->[39m [37mPOST[39m [37m/wd/hub/session/dceada60-3e66-4eb8-a1bd-6e5a351d6a7c/timeouts[39m
[35m[HTTP][39m [90m{"implicit":1000}[39m
[35m[HTTP][39m [37m<-- POST /wd/hub/session/dceada60-3e66-4eb8-a1bd-6e5a351d6a7c/timeouts [39m[32m200[39m [90m2 ms - 14[39m
[35m[HTTP][39m [90m[39m
[35m[HTTP][39m [37m-->[39m [37mPOST[39m [37m/wd/hub/session/dceada60-3e66-4eb8-a1bd-6e5a351d6a7c/elements[39m
[35m[HTTP][39m [90m{"using":"xpath","value":"//*[@class = 'android.widget.TextView' and (@text = 'Hello World!' or . = 'Hello World!') and @resource-id = 'com.example.katalonstudiotestandroidapplication:id/helloWorldTV']"}[39m
[35m[HTTP][39m [37m<-- POST /wd/hub/session/dceada60-3e66-4eb8-a1bd-6e5a351d6a7c/elements [39m[32m200[39m [90m33 ms - 139[39m
[35m[HTTP][39m [90m[39m
[35m[HTTP][39m [37m-->[39m [37mGET[39m [37m/wd/hub/session/dceada60-3e66-4eb8-a1bd-6e5a351d6a7c/element/ebbbb0cd-8680-4b01-bb4c-78abb54c829f/location[39m
[35m[HTTP][39m [90m{}[39m
[35m[W3C (dceada60)][39m Driver proxy active, passing request on via HTTP proxy
[35m[WD Proxy][39m Replacing sessionId 6bc5c7f0-7869-4b48-bb69-de71d4525b30 with dceada60-3e66-4eb8-a1bd-6e5a351d6a7c
[35m[HTTP][39m [37m<-- GET /wd/hub/session/dceada60-3e66-4eb8-a1bd-6e5a351d6a7c/element/ebbbb0cd-8680-4b01-bb4c-78abb54c829f/location [39m[32m200[39m [90m19 ms - 78[39m
[35m[HTTP][39m [90m[39m
[35m[HTTP][39m [37m-->[39m [37mGET[39m [37m/wd/hub/session/dceada60-3e66-4eb8-a1bd-6e5a351d6a7c/element/ebbbb0cd-8680-4b01-bb4c-78abb54c829f/size[39m
[35m[HTTP][39m [90m{}[39m
[35m[W3C (dceada60)][39m Driver proxy active, passing request on via HTTP proxy
[35m[WD Proxy][39m Replacing sessionId 6bc5c7f0-7869-4b48-bb69-de71d4525b30 with dceada60-3e66-4eb8-a1bd-6e5a351d6a7c
[35m[HTTP][39m [37m<-- GET /wd/hub/session/dceada60-3e66-4eb8-a1bd-6e5a351d6a7c/element/ebbbb0cd-8680-4b01-bb4c-78abb54c829f/size [39m[32m200[39m [90m15 ms - 86[39m
[35m[HTTP][39m [90m[39m
[35m[HTTP][39m [37m-->[39m [37mPOST[39m [37m/wd/hub/session/dceada60-3e66-4eb8-a1bd-6e5a351d6a7c/elements[39m
[35m[HTTP][39m [90m{"using":"xpath","value":"//*[@class = 'android.widget.EditText' and (@text = 'Type your name' or . = 'Type your name') and @resource-id = 'com.example.katalonstudiotestandroidapplication:id/nameTF']"}[39m
[35m[HTTP][39m [37m<-- POST /wd/hub/session/dceada60-3e66-4eb8-a1bd-6e5a351d6a7c/elements [39m[32m200[39m [90m91 ms - 139[39m
[35m[HTTP][39m [90m[39m
[35m[HTTP][39m [37m-->[39m [37mGET[39m [37m/wd/hub/session/dceada60-3e66-4eb8-a1bd-6e5a351d6a7c/window/rect[39m
[35m[HTTP][39m [90m{}[39m
[35m[HTTP][39m [37m<-- GET /wd/hub/session/dceada60-3e66-4eb8-a1bd-6e5a351d6a7c/window/rect [39m[32m200[39m [90m15 ms - 50[39m
[35m[HTTP][39m [90m[39m
[35m[HTTP][39m [37m-->[39m [37mPOST[39m [37m/wd/hub/session/dceada60-3e66-4eb8-a1bd-6e5a351d6a7c/elements[39m
[35m[HTTP][39m [90m{"using":"xpath","value":"//*[@class = 'android.widget.EditText' and (@text = 'Type your name' or . = 'Type your name') and @resource-id = 'com.example.katalonstudiotestandroidapplication:id/nameTF']"}[39m
[35m[HTTP][39m [37m<-- POST /wd/hub/session/dceada60-3e66-4eb8-a1bd-6e5a351d6a7c/elements [39m[32m200[39m [90m55 ms - 139[39m
[35m[HTTP][39m [90m[39m
[35m[HTTP][39m [37m-->[39m [37mGET[39m [37m/wd/hub/session/dceada60-3e66-4eb8-a1bd-6e5a351d6a7c/element/49558999-4afb-4b6c-a8a4-4f71f5c4a192/location[39m
[35m[HTTP][39m [90m{}[39m
[35m[W3C (dceada60)][39m Driver proxy active, passing request on via HTTP proxy
[35m[WD Proxy][39m Replacing sessionId 6bc5c7f0-7869-4b48-bb69-de71d4525b30 with dceada60-3e66-4eb8-a1bd-6e5a351d6a7c
[35m[HTTP][39m [37m<-- GET /wd/hub/session/dceada60-3e66-4eb8-a1bd-6e5a351d6a7c/element/49558999-4afb-4b6c-a8a4-4f71f5c4a192/location [39m[32m200[39m [90m14 ms - 78[39m
[35m[HTTP][39m [90m[39m
[35m[HTTP][39m [37m-->[39m [37mPOST[39m [37m/wd/hub/session/dceada60-3e66-4eb8-a1bd-6e5a351d6a7c/element/49558999-4afb-4b6c-a8a4-4f71f5c4a192/clear[39m
[35m[HTTP][39m [90m{"id":"49558999-4afb-4b6c-a8a4-4f71f5c4a192"}[39m
[35m[HTTP][39m [37m<-- POST /wd/hub/session/dceada60-3e66-4eb8-a1bd-6e5a351d6a7c/element/49558999-4afb-4b6c-a8a4-4f71f5c4a192/clear [39m[32m200[39m [90m20 ms - 14[39m
[35m[HTTP][39m [90m[39m
[35m[HTTP][39m [37m-->[39m [37mPOST[39m [37m/wd/hub/session/dceada60-3e66-4eb8-a1bd-6e5a351d6a7c/element/49558999-4afb-4b6c-a8a4-4f71f5c4a192/value[39m
[35m[HTTP][39m [90m{"id":"49558999-4afb-4b6c-a8a4-4f71f5c4a192","text":"Daun","value":["D","a","u","n"]}[39m
[35m[HTTP][39m [37m<-- POST /wd/hub/session/dceada60-3e66-4eb8-a1bd-6e5a351d6a7c/element/49558999-4afb-4b6c-a8a4-4f71f5c4a192/value [39m[32m200[39m [90m1228 ms - 14[39m
[35m[HTTP][39m [90m[39m
[35m[HTTP][39m [37m-->[39m [37mGET[39m [37m/wd/hub/session/dceada60-3e66-4eb8-a1bd-6e5a351d6a7c/source[39m
[35m[HTTP][39m [90m{}[39m
[35m[W3C (dceada60)][39m Driver proxy active, passing request on via HTTP proxy
[35m[WD Proxy][39m Replacing sessionId 6bc5c7f0-7869-4b48-bb69-de71d4525b30 with dceada60-3e66-4eb8-a1bd-6e5a351d6a7c
[35m[HTTP][39m [37m<-- GET /wd/hub/session/dceada60-3e66-4eb8-a1bd-6e5a351d6a7c/source [39m[32m200[39m [90m90 ms - 5951[39m
[35m[HTTP][39m [90m[39m
[35m[HTTP][39m [37m-->[39m [37mGET[39m [37m/wd/hub/session/dceada60-3e66-4eb8-a1bd-6e5a351d6a7c/screenshot[39m
[35m[HTTP][39m [90m{}[39m
[35m[HTTP][39m [37m<-- GET /wd/hub/session/dceada60-3e66-4eb8-a1bd-6e5a351d6a7c/screenshot [39m[32m200[39m [90m329 ms - 69174[39m
[35m[HTTP][39m [90m[39m
[35m[HTTP][39m [37m-->[39m [37mPOST[39m [37m/wd/hub/session/dceada60-3e66-4eb8-a1bd-6e5a351d6a7c/elements[39m
[35m[HTTP][39m [90m{"using":"xpath","value":"//*[@class = 'android.view.ViewGroup' and (@text = '' or . = '')]"}[39m
[35m[HTTP][39m [37m<-- POST /wd/hub/session/dceada60-3e66-4eb8-a1bd-6e5a351d6a7c/elements [39m[32m200[39m [90m38 ms - 395[39m
[35m[HTTP][39m [90m[39m
[35m[HTTP][39m [37m-->[39m [37mPOST[39m [37m/wd/hub/session/dceada60-3e66-4eb8-a1bd-6e5a351d6a7c/elements[39m
[35m[HTTP][39m [90m{"using":"-android uiautomator","value":"new UiSelector().className(\"android.view.ViewGroup\")"}[39m
[35m[HTTP][39m [37m<-- POST /wd/hub/session/dceada60-3e66-4eb8-a1bd-6e5a351d6a7c/elements [39m[32m200[39m [90m95 ms - 395[39m
[35m[HTTP][39m [90m[39m
[35m[HTTP][39m [37m-->[39m [37mGET[39m [37m/wd/hub/session/dceada60-3e66-4eb8-a1bd-6e5a351d6a7c/window/rect[39m
[35m[HTTP][39m [90m{}[39m
[35m[HTTP][39m [37m<-- GET /wd/hub/session/dceada60-3e66-4eb8-a1bd-6e5a351d6a7c/window/rect [39m[32m200[39m [90m9 ms - 50[39m
[35m[HTTP][39m [90m[39m
[35m[HTTP][39m [37m-->[39m [37mPOST[39m [37m/wd/hub/session/dceada60-3e66-4eb8-a1bd-6e5a351d6a7c/elements[39m
[35m[HTTP][39m [90m{"using":"xpath","value":"//hierarchy/android.widget.FrameLayout[1]/android.widget.LinearLayout[1]/android.widget.FrameLayout[1]/android.view.ViewGroup[1]/android.widget.FrameLayout[2]/android.view.ViewGroup[1]"}[39m
[35m[HTTP][39m [37m<-- POST /wd/hub/session/dceada60-3e66-4eb8-a1bd-6e5a351d6a7c/elements [39m[32m200[39m [90m33 ms - 139[39m
[35m[HTTP][39m [90m[39m
[35m[HTTP][39m [37m-->[39m [37mGET[39m [37m/wd/hub/session/dceada60-3e66-4eb8-a1bd-6e5a351d6a7c/element/9afb1007-e1aa-4033-b9ea-5729799f81aa/location[39m
[35m[HTTP][39m [90m{}[39m
[35m[W3C (dceada60)][39m Driver proxy active, passing request on via HTTP proxy
[35m[WD Proxy][39m Replacing sessionId 6bc5c7f0-7869-4b48-bb69-de71d4525b30 with dceada60-3e66-4eb8-a1bd-6e5a351d6a7c
[35m[HTTP][39m [37m<-- GET /wd/hub/session/dceada60-3e66-4eb8-a1bd-6e5a351d6a7c/element/9afb1007-e1aa-4033-b9ea-5729799f81aa/location [39m[32m200[39m [90m17 ms - 76[39m
[35m[HTTP][39m [90m[39m
[35m[HTTP][39m [37m-->[39m [37mGET[39m [37m/wd/hub/session/dceada60-3e66-4eb8-a1bd-6e5a351d6a7c/element/9afb1007-e1aa-4033-b9ea-5729799f81aa/text[39m
[35m[HTTP][39m [90m{}[39m
[35m[W3C (dceada60)][39m Driver proxy active, passing request on via HTTP proxy
[35m[WD Proxy][39m Replacing sessionId 6bc5c7f0-7869-4b48-bb69-de71d4525b30 with dceada60-3e66-4eb8-a1bd-6e5a351d6a7c
[35m[HTTP][39m [37m<-- GET /wd/hub/session/dceada60-3e66-4eb8-a1bd-6e5a351d6a7c/element/9afb1007-e1aa-4033-b9ea-5729799f81aa/text [39m[32m200[39m [90m19 ms - 63[39m
[35m[HTTP][39m [90m[39m
[35m[HTTP][39m [37m-->[39m [37mPOST[39m [37m/wd/hub/session/dceada60-3e66-4eb8-a1bd-6e5a351d6a7c/elements[39m
[35m[HTTP][39m [90m{"using":"xpath","value":"//*[@class = 'android.widget.TextView' and (@text = 'Hello Daun' or . = 'Hello Daun') and @resource-id = 'com.example.katalonstudiotestandroidapplication:id/helloWorldTV']"}[39m
[35m[HTTP][39m [37m<-- POST /wd/hub/session/dceada60-3e66-4eb8-a1bd-6e5a351d6a7c/elements [39m[32m200[39m [90m83 ms - 139[39m
[35m[HTTP][39m [90m[39m
[35m[HTTP][39m [37m-->[39m [37mGET[39m [37m/wd/hub/session/dceada60-3e66-4eb8-a1bd-6e5a351d6a7c/window/rect[39m
[35m[HTTP][39m [90m{}[39m
[35m[HTTP][39m [37m<-- GET /wd/hub/session/dceada60-3e66-4eb8-a1bd-6e5a351d6a7c/window/rect [39m[32m200[39m [90m20 ms - 50[39m
[35m[HTTP][39m [90m[39m
[35m[HTTP][39m [37m-->[39m [37mPOST[39m [37m/wd/hub/session/dceada60-3e66-4eb8-a1bd-6e5a351d6a7c/elements[39m
[35m[HTTP][39m [90m{"using":"xpath","value":"//*[@class = 'android.widget.TextView' and (@text = 'Hello Daun' or . = 'Hello Daun') and @resource-id = 'com.example.katalonstudiotestandroidapplication:id/helloWorldTV']"}[39m
[35m[HTTP][39m [37m<-- POST /wd/hub/session/dceada60-3e66-4eb8-a1bd-6e5a351d6a7c/elements [39m[32m200[39m [90m30 ms - 139[39m
[35m[HTTP][39m [90m[39m
[35m[HTTP][39m [37m-->[39m [37mGET[39m [37m/wd/hub/session/dceada60-3e66-4eb8-a1bd-6e5a351d6a7c/element/f721cc2e-daf6-4344-8246-0cf71aa582eb/location[39m
[35m[HTTP][39m [90m{}[39m
[35m[W3C (dceada60)][39m Driver proxy active, passing request on via HTTP proxy
[35m[WD Proxy][39m Replacing sessionId 6bc5c7f0-7869-4b48-bb69-de71d4525b30 with dceada60-3e66-4eb8-a1bd-6e5a351d6a7c
[35m[HTTP][39m [37m<-- GET /wd/hub/session/dceada60-3e66-4eb8-a1bd-6e5a351d6a7c/element/f721cc2e-daf6-4344-8246-0cf71aa582eb/location [39m[32m200[39m [90m13 ms - 78[39m
[35m[HTTP][39m [90m[39m
[35m[HTTP][39m [37m-->[39m [37mGET[39m [37m/wd/hub/session/dceada60-3e66-4eb8-a1bd-6e5a351d6a7c/element/f721cc2e-daf6-4344-8246-0cf71aa582eb/text[39m
[35m[HTTP][39m [90m{}[39m
[35m[W3C (dceada60)][39m Driver proxy active, passing request on via HTTP proxy
[35m[WD Proxy][39m Replacing sessionId 6bc5c7f0-7869-4b48-bb69-de71d4525b30 with dceada60-3e66-4eb8-a1bd-6e5a351d6a7c
[35m[HTTP][39m [37m<-- GET /wd/hub/session/dceada60-3e66-4eb8-a1bd-6e5a351d6a7c/element/f721cc2e-daf6-4344-8246-0cf71aa582eb/text [39m[32m200[39m [90m15 ms - 73[39m
[35m[HTTP][39m [90m[39m
[35m[HTTP][39m [37m-->[39m [37mGET[39m [37m/wd/hub/session/dceada60-3e66-4eb8-a1bd-6e5a351d6a7c/source[39m
[35m[HTTP][39m [90m{}[39m
[35m[W3C (dceada60)][39m Driver proxy active, passing request on via HTTP proxy
[35m[WD Proxy][39m Replacing sessionId 6bc5c7f0-7869-4b48-bb69-de71d4525b30 with dceada60-3e66-4eb8-a1bd-6e5a351d6a7c
[35m[HTTP][39m [37m<-- GET /wd/hub/session/dceada60-3e66-4eb8-a1bd-6e5a351d6a7c/source [39m[32m200[39m [90m40 ms - 5951[39m
[35m[HTTP][39m [90m[39m
[35m[HTTP][39m [37m-->[39m [37mGET[39m [37m/wd/hub/session/dceada60-3e66-4eb8-a1bd-6e5a351d6a7c/screenshot[39m
[35m[HTTP][39m [90m{}[39m
[35m[HTTP][39m [37m<-- GET /wd/hub/session/dceada60-3e66-4eb8-a1bd-6e5a351d6a7c/screenshot [39m[32m200[39m [90m329 ms - 70008[39m
[35m[HTTP][39m [90m[39m
[35m[HTTP][39m [37m-->[39m [37mPOST[39m [37m/wd/hub/session/dceada60-3e66-4eb8-a1bd-6e5a351d6a7c/elements[39m
[35m[HTTP][39m [90m{"using":"xpath","value":"//*[@class = 'android.widget.Button' and (@text = 'GO NEXT VIEW' or . = 'GO NEXT VIEW') and @resource-id = 'com.example.katalonstudiotestandroidapplication:id/nextBT']"}[39m
[35m[HTTP][39m [37m<-- POST /wd/hub/session/dceada60-3e66-4eb8-a1bd-6e5a351d6a7c/elements [39m[32m200[39m [90m78 ms - 139[39m
[35m[HTTP][39m [90m[39m
[35m[HTTP][39m [37m-->[39m [37mGET[39m [37m/wd/hub/session/dceada60-3e66-4eb8-a1bd-6e5a351d6a7c/window/rect[39m
[35m[HTTP][39m [90m{}[39m
[35m[HTTP][39m [37m<-- GET /wd/hub/session/dceada60-3e66-4eb8-a1bd-6e5a351d6a7c/window/rect [39m[32m200[39m [90m26 ms - 50[39m
[35m[HTTP][39m [90m[39m
[35m[HTTP][39m [37m-->[39m [37mPOST[39m [37m/wd/hub/session/dceada60-3e66-4eb8-a1bd-6e5a351d6a7c/elements[39m
[35m[HTTP][39m [90m{"using":"xpath","value":"//*[@class = 'android.widget.Button' and (@text = 'GO NEXT VIEW' or . = 'GO NEXT VIEW') and @resource-id = 'com.example.katalonstudiotestandroidapplication:id/nextBT']"}[39m
[35m[HTTP][39m [37m<-- POST /wd/hub/session/dceada60-3e66-4eb8-a1bd-6e5a351d6a7c/elements [39m[32m200[39m [90m26 ms - 139[39m
[35m[HTTP][39m [90m[39m
[35m[HTTP][39m [37m-->[39m [37mGET[39m [37m/wd/hub/session/dceada60-3e66-4eb8-a1bd-6e5a351d6a7c/element/ccdfa282-0854-479f-bf1b-3b05724ea3ad/location[39m
[35m[HTTP][39m [90m{}[39m
[35m[W3C (dceada60)][39m Driver proxy active, passing request on via HTTP proxy
[35m[WD Proxy][39m Replacing sessionId 6bc5c7f0-7869-4b48-bb69-de71d4525b30 with dceada60-3e66-4eb8-a1bd-6e5a351d6a7c
[35m[HTTP][39m [37m<-- GET /wd/hub/session/dceada60-3e66-4eb8-a1bd-6e5a351d6a7c/element/ccdfa282-0854-479f-bf1b-3b05724ea3ad/location [39m[32m200[39m [90m13 ms - 79[39m
[35m[HTTP][39m [90m[39m
[35m[HTTP][39m [37m-->[39m [37mPOST[39m [37m/wd/hub/session/dceada60-3e66-4eb8-a1bd-6e5a351d6a7c/touch/perform[39m
[35m[HTTP][39m [90m{"actions":[{"action":"tap","options":{"x":1,"y":1,"element":"ccdfa282-0854-479f-bf1b-3b05724ea3ad"}}]}[39m
[35m[UiAutomator2][39m calling get location: ccdfa282-0854-479f-bf1b-3b05724ea3ad
[35m[HTTP][39m [37m<-- POST /wd/hub/session/dceada60-3e66-4eb8-a1bd-6e5a351d6a7c/touch/perform [39m[32m200[39m [90m294 ms - 14[39m
[35m[HTTP][39m [90m[39m
[35m[HTTP][39m [37m-->[39m [37mGET[39m [37m/wd/hub/session/dceada60-3e66-4eb8-a1bd-6e5a351d6a7c/source[39m
[35m[HTTP][39m [90m{}[39m
[35m[W3C (dceada60)][39m Driver proxy active, passing request on via HTTP proxy
[35m[WD Proxy][39m Replacing sessionId 6bc5c7f0-7869-4b48-bb69-de71d4525b30 with dceada60-3e66-4eb8-a1bd-6e5a351d6a7c
[35m[HTTP][39m [37m<-- GET /wd/hub/session/dceada60-3e66-4eb8-a1bd-6e5a351d6a7c/source [39m[32m200[39m [90m380 ms - 4978[39m
[35m[HTTP][39m [90m[39m
[35m[HTTP][39m [37m-->[39m [37mGET[39m [37m/wd/hub/session/dceada60-3e66-4eb8-a1bd-6e5a351d6a7c/screenshot[39m
[35m[HTTP][39m [90m{}[39m
[35m[HTTP][39m [37m<-- GET /wd/hub/session/dceada60-3e66-4eb8-a1bd-6e5a351d6a7c/screenshot [39m[32m200[39m [90m351 ms - 59416[39m
[35m[HTTP][39m [90m[39m
[35m[HTTP][39m [37m-->[39m [37mPOST[39m [37m/wd/hub/session/dceada60-3e66-4eb8-a1bd-6e5a351d6a7c/elements[39m
[35m[HTTP][39m [90m{"using":"xpath","value":"//*[@class = 'android.widget.TextView' and (@text = 'Welcome Daun' or . = 'Welcome Daun') and @resource-id = 'com.example.katalonstudiotestandroidapplication:id/welcomTV']"}[39m
[35m[HTTP][39m [37m<-- POST /wd/hub/session/dceada60-3e66-4eb8-a1bd-6e5a351d6a7c/elements [39m[32m200[39m [90m38 ms - 139[39m
[35m[HTTP][39m [90m[39m
[35m[HTTP][39m [37m-->[39m [37mGET[39m [37m/wd/hub/session/dceada60-3e66-4eb8-a1bd-6e5a351d6a7c/window/rect[39m
[35m[HTTP][39m [90m{}[39m
[35m[HTTP][39m [37m<-- GET /wd/hub/session/dceada60-3e66-4eb8-a1bd-6e5a351d6a7c/window/rect [39m[32m200[39m [90m48 ms - 50[39m
[35m[HTTP][39m [90m[39m
[35m[HTTP][39m [37m-->[39m [37mPOST[39m [37m/wd/hub/session/dceada60-3e66-4eb8-a1bd-6e5a351d6a7c/elements[39m
[35m[HTTP][39m [90m{"using":"xpath","value":"//*[@class = 'android.widget.TextView' and (@text = 'Welcome Daun' or . = 'Welcome Daun') and @resource-id = 'com.example.katalonstudiotestandroidapplication:id/welcomTV']"}[39m
[35m[HTTP][39m [37m<-- POST /wd/hub/session/dceada60-3e66-4eb8-a1bd-6e5a351d6a7c/elements [39m[32m200[39m [90m40 ms - 139[39m
[35m[HTTP][39m [90m[39m
[35m[HTTP][39m [37m-->[39m [37mGET[39m [37m/wd/hub/session/dceada60-3e66-4eb8-a1bd-6e5a351d6a7c/element/7004e6a7-995c-44fa-baa6-97feff0f14ad/location[39m
[35m[HTTP][39m [90m{}[39m
[35m[W3C (dceada60)][39m Driver proxy active, passing request on via HTTP proxy
[35m[WD Proxy][39m Replacing sessionId 6bc5c7f0-7869-4b48-bb69-de71d4525b30 with dceada60-3e66-4eb8-a1bd-6e5a351d6a7c
[35m[HTTP][39m [37m<-- GET /wd/hub/session/dceada60-3e66-4eb8-a1bd-6e5a351d6a7c/element/7004e6a7-995c-44fa-baa6-97feff0f14ad/location [39m[32m200[39m [90m17 ms - 77[39m
[35m[HTTP][39m [90m[39m
[35m[HTTP][39m [37m-->[39m [37mGET[39m [37m/wd/hub/session/dceada60-3e66-4eb8-a1bd-6e5a351d6a7c/element/7004e6a7-995c-44fa-baa6-97feff0f14ad/text[39m
[35m[HTTP][39m [90m{}[39m
[35m[W3C (dceada60)][39m Driver proxy active, passing request on via HTTP proxy
[35m[WD Proxy][39m Replacing sessionId 6bc5c7f0-7869-4b48-bb69-de71d4525b30 with dceada60-3e66-4eb8-a1bd-6e5a351d6a7c
[35m[HTTP][39m [37m<-- GET /wd/hub/session/dceada60-3e66-4eb8-a1bd-6e5a351d6a7c/element/7004e6a7-995c-44fa-baa6-97feff0f14ad/text [39m[32m200[39m [90m11 ms - 75[39m
[35m[HTTP][39m [90m[39m
[35m[HTTP][39m [37m-->[39m [37mGET[39m [37m/wd/hub/session/dceada60-3e66-4eb8-a1bd-6e5a351d6a7c/source[39m
[35m[HTTP][39m [90m{}[39m
[35m[W3C (dceada60)][39m Driver proxy active, passing request on via HTTP proxy
[35m[WD Proxy][39m Replacing sessionId 6bc5c7f0-7869-4b48-bb69-de71d4525b30 with dceada60-3e66-4eb8-a1bd-6e5a351d6a7c
[35m[HTTP][39m [37m<-- GET /wd/hub/session/dceada60-3e66-4eb8-a1bd-6e5a351d6a7c/source [39m[32m200[39m [90m40 ms - 4978[39m
[35m[HTTP][39m [90m[39m
[35m[HTTP][39m [37m-->[39m [37mGET[39m [37m/wd/hub/session/dceada60-3e66-4eb8-a1bd-6e5a351d6a7c/screenshot[39m
[35m[HTTP][39m [90m{}[39m
[35m[HTTP][39m [37m<-- GET /wd/hub/session/dceada60-3e66-4eb8-a1bd-6e5a351d6a7c/screenshot [39m[32m200[39m [90m318 ms - 58040[39m
[35m[HTTP][39m [90m[39m
[35m[HTTP][39m [37m-->[39m [37mDELETE[39m [37m/wd/hub/session/dceada60-3e66-4eb8-a1bd-6e5a351d6a7c[39m
[35m[HTTP][39m [90m{}[39m
[35m[Appium][39m Removing session dceada60-3e66-4eb8-a1bd-6e5a351d6a7c from our master session list
[35m[UiAutomator2][39m Restoring hidden api policy to the device default configuration
[35m[HTTP][39m [37m<-- DELETE /wd/hub/session/dceada60-3e66-4eb8-a1bd-6e5a351d6a7c [39m[32m200[39m [90m914 ms - 14[39m
[35m[HTTP][39m [90m[39m
